#
# A fatal error has been detected by the Java Runtime Environment:
#
#  SIGSEGV (0xb) at pc=0x00007f908eb8f781, pid=1310, tid=1311
#
# JRE version: Java(TM) SE Runtime Environment (11.0.5+10) (build 11.0.5+10-LTS)
# Java VM: Java HotSpot(TM) 64-Bit Server VM (11.0.5+10-LTS, mixed mode, tiered, compressed oops, g1 gc, linux-amd64)
# Problematic frame:
# V  [libjvm.so+0x57c781]  AccessInternal::PostRuntimeDispatch<G1BarrierSet::AccessBarrier<1097844ul, G1BarrierSet>, (AccessInternal::BarrierType)2, 1097844ul>::oop_access_barrier(void*)+0x1
#
# Core dump will be written. Default location: Core dumps may be processed with "/usr/share/apport/apport %p %s %c %d %P" (or dumping to /home/jack-server/workspace/encrypt/bin/core.1310)
#
# If you would like to submit a bug report, please visit:
#   http://bugreport.java.com/bugreport/crash.jsp
#

---------------  S U M M A R Y ------------

Command Line: -Djava.library.path=../libs Main

Host: AMD Ryzen 3 PRO 2100GE w/ Radeon Vega Graphics, 2 cores, 1G, Ubuntu 16.04.5 LTS
Time: Fri Oct 18 05:53:32 2019 CST elapsed time: 0 seconds (0d 0h 0m 0s)

---------------  T H R E A D  ---------------

Current thread (0x00007f9088011000):  JavaThread "main" [_thread_in_vm, id=1311, stack(0x00007f90907be000,0x00007f90908bf000)]

Stack: [0x00007f90907be000,0x00007f90908bf000],  sp=0x00007f90908bd820,  free space=1022k
Native frames: (J=compiled Java code, A=aot compiled Java code, j=interpreted, Vv=VM code, C=native code)
V  [libjvm.so+0x57c781]  AccessInternal::PostRuntimeDispatch<G1BarrierSet::AccessBarrier<1097844ul, G1BarrierSet>, (AccessInternal::BarrierType)2, 1097844ul>::oop_access_barrier(void*)+0x1
C  [libencrypt.so+0x32dd]  encode+0x7fd
j  tw.com.mcddaily.jni.Encrypt.encode(Ljava/lang/Object;Ljava/lang/String;)Ljava/lang/String;+0
j  Main.main([Ljava/lang/String;)V+16
v  ~StubRoutines::call_stub
V  [libjvm.so+0x887449]  JavaCalls::call_helper(JavaValue*, methodHandle const&, JavaCallArguments*, Thread*)+0x3b9
V  [libjvm.so+0x9026aa]  jni_invoke_static(JNIEnv_*, JavaValue*, _jobject*, JNICallType, _jmethodID*, JNI_ArgumentPusher*, Thread*) [clone .isra.65] [clone .constprop.193]+0x1ba
V  [libjvm.so+0x904d14]  jni_CallStaticVoidMethod+0x164
C  [libjli.so+0x582d]  JavaMain+0xe4d

Java frames: (J=compiled Java code, j=interpreted, Vv=VM code)
j  tw.com.mcddaily.jni.Encrypt.encode(Ljava/lang/Object;Ljava/lang/String;)Ljava/lang/String;+0
j  Main.main([Ljava/lang/String;)V+16
v  ~StubRoutines::call_stub

siginfo: si_signo: 11 (SIGSEGV), si_code: 1 (SEGV_MAPERR), si_addr: 0x0000000000000000

Register to memory mapping:

RAX=0x0 is NULL
RBX=0x0 is NULL
RCX=0x0 is NULL
RDX=0x00007f908ead3fb0: <offset 0x00000000004c0fb0> in /usr/lib/jvm/jdk-11.0.5/lib/server/libjvm.so at 0x00007f908e613000
RSP=0x00007f90908bd820 is pointing into the stack for thread: 0x00007f9088011000
RBP=0x00007f90908bd850 is pointing into the stack for thread: 0x00007f9088011000
RSI=0x0 is NULL
RDI=0x0 is NULL
R8 =0x0 is NULL
R9 =0x0000000000000177 is an unknown value
R10=0x0 is NULL
R11=0xfffffffffffffffd is an unknown value
R12=0x00007f9088011340 points into unknown readable memory: 00 a0 a1 8f 90 7f 00 00
R13=0x00007f9088011340 points into unknown readable memory: 00 a0 a1 8f 90 7f 00 00
R14=0x0 is NULL
R15=0x00007f9088198370 points into unknown readable memory: 90 01 93 61 90 7f 00 00


Registers:
RAX=0x0000000000000000, RBX=0x0000000000000000, RCX=0x0000000000000000, RDX=0x00007f908ead3fb0
RSP=0x00007f90908bd820, RBP=0x00007f90908bd850, RSI=0x0000000000000000, RDI=0x0000000000000000
R8 =0x0000000000000000, R9 =0x0000000000000177, R10=0x0000000000000000, R11=0xfffffffffffffffd
R12=0x00007f9088011340, R13=0x00007f9088011340, R14=0x0000000000000000, R15=0x00007f9088198370
RIP=0x00007f908eb8f781, EFLAGS=0x0000000000010246, CSGSFS=0x002b000000000033, ERR=0x0000000000000004
  TRAPNO=0x000000000000000e

Top of Stack: (sp=0x00007f90908bd820)
0x00007f90908bd820:   00007f90908bd850 00007f908ef11b67
0x00007f90908bd830:   0000000000000000 00007f9088011000
0x00007f90908bd840:   00007f90880cf0c8 0000000000000000
0x00007f90908bd850:   00007f90908bd970 00007f90906e52dd 

Instructions: (pc=0x00007f908eb8f781)
0x00007f908eb8f761:   48 8b 07 48 89 e5 5d c3 0f 1f 80 00 00 00 00 55
0x00007f908eb8f771:   48 8b 07 48 89 e5 5d c3 0f 1f 80 00 00 00 00 55
0x00007f908eb8f781:   48 8b 07 48 89 e5 5d c3 0f 1f 80 00 00 00 00 55
0x00007f908eb8f791:   48 8b 07 48 89 e5 5d c3 0f 1f 80 00 00 00 00 55 

Stack slot to memory mapping:
stack at sp + 0 slots: 0x00007f90908bd850 is pointing into the stack for thread: 0x00007f9088011000
stack at sp + 1 slots: 0x00007f908ef11b67: <offset 0x00000000008feb67> in /usr/lib/jvm/jdk-11.0.5/lib/server/libjvm.so at 0x00007f908e613000
stack at sp + 2 slots: 0x0 is NULL
stack at sp + 3 slots: 0x00007f9088011000 is a thread
stack at sp + 4 slots: 0x00007f90880cf0c8 points into unknown readable memory: 00 00 00 00 00 00 00 00
stack at sp + 5 slots: 0x0 is NULL
stack at sp + 6 slots: 0x00007f90908bd970 is pointing into the stack for thread: 0x00007f9088011000
stack at sp + 7 slots: 0x00007f90906e52dd: encode+0x00000000000007fd in /home/jack-server/workspace/encrypt/libs/libencrypt.so at 0x00007f90906e2000


---------------  P R O C E S S  ---------------

Threads class SMR info:
_java_thread_list=0x00007f908818b370, length=9, elements={
0x00007f9088011000, 0x00007f90880d5800, 0x00007f90880da000, 0x00007f90880ec800,
0x00007f90880ee800, 0x00007f90880f0800, 0x00007f90880f2800, 0x00007f908817a800,
0x00007f9088189800
}

Java Threads: ( => current thread )
=>0x00007f9088011000 JavaThread "main" [_thread_in_vm, id=1311, stack(0x00007f90907be000,0x00007f90908bf000)]
  0x00007f90880d5800 JavaThread "Reference Handler" daemon [_thread_blocked, id=1318, stack(0x00007f90613fc000,0x00007f90614fd000)]
  0x00007f90880da000 JavaThread "Finalizer" daemon [_thread_blocked, id=1319, stack(0x00007f90612fb000,0x00007f90613fc000)]
  0x00007f90880ec800 JavaThread "Signal Dispatcher" daemon [_thread_blocked, id=1320, stack(0x00007f9060839000,0x00007f906093a000)]
  0x00007f90880ee800 JavaThread "C2 CompilerThread0" daemon [_thread_blocked, id=1321, stack(0x00007f9060738000,0x00007f9060839000)]
  0x00007f90880f0800 JavaThread "C1 CompilerThread0" daemon [_thread_blocked, id=1322, stack(0x00007f9060637000,0x00007f9060738000)]
  0x00007f90880f2800 JavaThread "Sweeper thread" daemon [_thread_blocked, id=1323, stack(0x00007f9060536000,0x00007f9060637000)]
  0x00007f908817a800 JavaThread "Service Thread" daemon [_thread_blocked, id=1324, stack(0x00007f9060435000,0x00007f9060536000)]
  0x00007f9088189800 JavaThread "Common-Cleaner" daemon [_thread_blocked, id=1326, stack(0x00007f9060233000,0x00007f9060334000)]

Other Threads:
  0x00007f90880cd800 VMThread "VM Thread" [stack: 0x00007f90614fe000,0x00007f90615fe000] [id=1317]
  0x00007f9088183000 WatcherThread [stack: 0x00007f9060335000,0x00007f9060435000] [id=1325]
  0x00007f9088038800 GCTaskThread "GC Thread#0" [stack: 0x00007f908cd8d000,0x00007f908ce8d000] [id=1312]
  0x00007f9088048800 ConcurrentGCThread "G1 Main Marker" [stack: 0x00007f9070338000,0x00007f9070438000] [id=1313]
  0x00007f908804a800 ConcurrentGCThread "G1 Conc#0" [stack: 0x00007f9070237000,0x00007f9070337000] [id=1314]
  0x00007f908806d800 ConcurrentGCThread "G1 Refine#0" [stack: 0x00007f9061f00000,0x00007f9062000000] [id=1315]
  0x00007f908806f800 ConcurrentGCThread "G1 Young RemSet Sampling" [stack: 0x00007f9061dff000,0x00007f9061eff000] [id=1316]

Threads with active compile tasks:

VM state:not at safepoint (normal execution)

VM Mutex/Monitor currently owned by a thread: None

Heap address: 0x00000000e0c00000, size: 500 MB, Compressed Oops mode: 32-bit
Narrow klass base: 0x0000000000000000, Narrow klass shift: 3
Compressed class space size: 1073741824 Address: 0x0000000100000000

Heap:
 garbage-first heap   total 32768K, used 2048K [0x00000000e0c00000, 0x0000000100000000)
  region size 1024K, 3 young (3072K), 0 survivors (0K)
 Metaspace       used 6974K, capacity 7148K, committed 7424K, reserved 1056768K
  class space    used 640K, capacity 698K, committed 768K, reserved 1048576K
Heap Regions: E=young(eden), S=young(survivor), O=old, HS=humongous(starts), HC=humongous(continues), CS=collection set, F=free, A=archive, TAMS=top-at-mark-start (previous, next)
|   0|0x00000000e0c00000, 0x00000000e0c00000, 0x00000000e0d00000|  0%| F|  |TAMS 0x00000000e0c00000, 0x00000000e0c00000| Untracked 
|   1|0x00000000e0d00000, 0x00000000e0d00000, 0x00000000e0e00000|  0%| F|  |TAMS 0x00000000e0d00000, 0x00000000e0d00000| Untracked 
|   2|0x00000000e0e00000, 0x00000000e0e00000, 0x00000000e0f00000|  0%| F|  |TAMS 0x00000000e0e00000, 0x00000000e0e00000| Untracked 
|   3|0x00000000e0f00000, 0x00000000e0f00000, 0x00000000e1000000|  0%| F|  |TAMS 0x00000000e0f00000, 0x00000000e0f00000| Untracked 
|   4|0x00000000e1000000, 0x00000000e1000000, 0x00000000e1100000|  0%| F|  |TAMS 0x00000000e1000000, 0x00000000e1000000| Untracked 
|   5|0x00000000e1100000, 0x00000000e1100000, 0x00000000e1200000|  0%| F|  |TAMS 0x00000000e1100000, 0x00000000e1100000| Untracked 
|   6|0x00000000e1200000, 0x00000000e1200000, 0x00000000e1300000|  0%| F|  |TAMS 0x00000000e1200000, 0x00000000e1200000| Untracked 
|   7|0x00000000e1300000, 0x00000000e1300000, 0x00000000e1400000|  0%| F|  |TAMS 0x00000000e1300000, 0x00000000e1300000| Untracked 
|   8|0x00000000e1400000, 0x00000000e1400000, 0x00000000e1500000|  0%| F|  |TAMS 0x00000000e1400000, 0x00000000e1400000| Untracked 
|   9|0x00000000e1500000, 0x00000000e1500000, 0x00000000e1600000|  0%| F|  |TAMS 0x00000000e1500000, 0x00000000e1500000| Untracked 
|  10|0x00000000e1600000, 0x00000000e1600000, 0x00000000e1700000|  0%| F|  |TAMS 0x00000000e1600000, 0x00000000e1600000| Untracked 
|  11|0x00000000e1700000, 0x00000000e1700000, 0x00000000e1800000|  0%| F|  |TAMS 0x00000000e1700000, 0x00000000e1700000| Untracked 
|  12|0x00000000e1800000, 0x00000000e1800000, 0x00000000e1900000|  0%| F|  |TAMS 0x00000000e1800000, 0x00000000e1800000| Untracked 
|  13|0x00000000e1900000, 0x00000000e1900000, 0x00000000e1a00000|  0%| F|  |TAMS 0x00000000e1900000, 0x00000000e1900000| Untracked 
|  14|0x00000000e1a00000, 0x00000000e1a00000, 0x00000000e1b00000|  0%| F|  |TAMS 0x00000000e1a00000, 0x00000000e1a00000| Untracked 
|  15|0x00000000e1b00000, 0x00000000e1b00000, 0x00000000e1c00000|  0%| F|  |TAMS 0x00000000e1b00000, 0x00000000e1b00000| Untracked 
|  16|0x00000000e1c00000, 0x00000000e1c00000, 0x00000000e1d00000|  0%| F|  |TAMS 0x00000000e1c00000, 0x00000000e1c00000| Untracked 
|  17|0x00000000e1d00000, 0x00000000e1d00000, 0x00000000e1e00000|  0%| F|  |TAMS 0x00000000e1d00000, 0x00000000e1d00000| Untracked 
|  18|0x00000000e1e00000, 0x00000000e1e00000, 0x00000000e1f00000|  0%| F|  |TAMS 0x00000000e1e00000, 0x00000000e1e00000| Untracked 
|  19|0x00000000e1f00000, 0x00000000e1f00000, 0x00000000e2000000|  0%| F|  |TAMS 0x00000000e1f00000, 0x00000000e1f00000| Untracked 
|  20|0x00000000e2000000, 0x00000000e2000000, 0x00000000e2100000|  0%| F|  |TAMS 0x00000000e2000000, 0x00000000e2000000| Untracked 
|  21|0x00000000e2100000, 0x00000000e2100000, 0x00000000e2200000|  0%| F|  |TAMS 0x00000000e2100000, 0x00000000e2100000| Untracked 
|  22|0x00000000e2200000, 0x00000000e2200000, 0x00000000e2300000|  0%| F|  |TAMS 0x00000000e2200000, 0x00000000e2200000| Untracked 
|  23|0x00000000e2300000, 0x00000000e2300000, 0x00000000e2400000|  0%| F|  |TAMS 0x00000000e2300000, 0x00000000e2300000| Untracked 
|  24|0x00000000e2400000, 0x00000000e2400000, 0x00000000e2500000|  0%| F|  |TAMS 0x00000000e2400000, 0x00000000e2400000| Untracked 
|  25|0x00000000e2500000, 0x00000000e2500000, 0x00000000e2600000|  0%| F|  |TAMS 0x00000000e2500000, 0x00000000e2500000| Untracked 
|  26|0x00000000e2600000, 0x00000000e2600000, 0x00000000e2700000|  0%| F|  |TAMS 0x00000000e2600000, 0x00000000e2600000| Untracked 
|  27|0x00000000e2700000, 0x00000000e2700000, 0x00000000e2800000|  0%| F|  |TAMS 0x00000000e2700000, 0x00000000e2700000| Untracked 
|  28|0x00000000e2800000, 0x00000000e2800000, 0x00000000e2900000|  0%| F|  |TAMS 0x00000000e2800000, 0x00000000e2800000| Untracked 
|  29|0x00000000e2900000, 0x00000000e2949310, 0x00000000e2a00000| 28%| E|  |TAMS 0x00000000e2900000, 0x00000000e2900000| Complete 
|  30|0x00000000e2a00000, 0x00000000e2b00000, 0x00000000e2b00000|100%| E|CS|TAMS 0x00000000e2a00000, 0x00000000e2a00000| Complete 
|  31|0x00000000e2b00000, 0x00000000e2c00000, 0x00000000e2c00000|100%| E|CS|TAMS 0x00000000e2b00000, 0x00000000e2b00000| Complete 

Card table byte_map: [0x00007f908c996000,0x00007f908ca90000] _byte_map_base: 0x00007f908c290000

Marking Bits (Prev, Next): (CMBitMap*) 0x00007f9088045e18, (CMBitMap*) 0x00007f9088045e50
 Prev Bits: [0x00007f908c0cc000, 0x00007f908c89c000)
 Next Bits: [0x00007f9070438000, 0x00007f9070c08000)

Polling page: 0x00007f90908db000

Metaspace:

Usage:
  Non-class:      6.30 MB capacity,     6.18 MB ( 98%) used,   113.14 KB (  2%) free+waste,     3.75 KB ( <1%) overhead. 
      Class:    698.00 KB capacity,   640.91 KB ( 92%) used,    55.41 KB (  8%) free+waste,     1.69 KB ( <1%) overhead. 
       Both:      6.98 MB capacity,     6.81 MB ( 98%) used,   168.55 KB (  2%) free+waste,     5.44 KB ( <1%) overhead. 

Virtual space:
  Non-class space:        8.00 MB reserved,       6.50 MB ( 81%) committed 
      Class space:        1.00 GB reserved,     768.00 KB ( <1%) committed 
             Both:        1.01 GB reserved,       7.25 MB ( <1%) committed 

Chunk freelists:
   Non-Class:  2.75 KB
       Class:  768 bytes
        Both:  3.50 KB

CodeHeap 'non-profiled nmethods': size=120036Kb used=65Kb max_used=65Kb free=119970Kb
 bounds [0x00007f90786cf000, 0x00007f907893f000, 0x00007f907fc08000]
CodeHeap 'profiled nmethods': size=120032Kb used=377Kb max_used=377Kb free=119654Kb
 bounds [0x00007f9071197000, 0x00007f9071407000, 0x00007f90786cf000]
CodeHeap 'non-nmethods': size=5692Kb used=1042Kb max_used=1053Kb free=4649Kb
 bounds [0x00007f9070c08000, 0x00007f9070e78000, 0x00007f9071197000]
 total_blobs=684 nmethods=264 adapters=256
 compilation: enabled
              stopped_count=0, restarted_count=0
 full_count=0

Compilation events (10 events):
Event: 0.310 Thread 0x00007f90880f0800  260       3       java.lang.Integer::hashCode (8 bytes)
Event: 0.310 Thread 0x00007f90880f0800 nmethod 260 0x00007f90711f4b10 code [0x00007f90711f4cc0, 0x00007f90711f4e70]
Event: 0.310 Thread 0x00007f90880f0800  261       3       java.lang.Integer::hashCode (2 bytes)
Event: 0.310 Thread 0x00007f90880f0800 nmethod 261 0x00007f90711f4f10 code [0x00007f90711f50c0, 0x00007f90711f51f0]
Event: 0.310 Thread 0x00007f90880ee800  262       4       java.lang.Math::min (11 bytes)
Event: 0.310 Thread 0x00007f90880ee800 nmethod 262 0x00007f90786df110 code [0x00007f90786df2a0, 0x00007f90786df2f8]
Event: 0.311 Thread 0x00007f90880f0800  263       3       java.util.AbstractSet::<init> (5 bytes)
Event: 0.311 Thread 0x00007f90880f0800 nmethod 263 0x00007f90711f5290 code [0x00007f90711f5440, 0x00007f90711f5650]
Event: 0.312 Thread 0x00007f90880f0800  264       1       java.util.ArrayList::size (5 bytes)
Event: 0.312 Thread 0x00007f90880f0800 nmethod 264 0x00007f90786df390 code [0x00007f90786df540, 0x00007f90786df650]

GC Heap History (0 events):
No events

Deoptimization events (1 events):
Event: 0.114 Thread 0x00007f9088011000 Uncommon trap: reason=unstable_if action=reinterpret pc=0x00007f90786d3378 method=java.lang.String.hashCode()I @ 14 c2

Classes redefined (0 events):
No events

Internal exceptions (3 events):
Event: 0.278 Thread 0x00007f9088011000 Exception <a 'java/lang/NoSuchMethodError'{0x00000000e2ae4600}: java.lang.invoke.DirectMethodHandle$Holder.invokeSpecialIFC(Ljava/lang/Object;Ljava/lang/Object;I)I> (0x00000000e2ae4600) thrown at [/opt/mach5/mesos/work_dir/slaves/fcf4c0c4-d73e-4321-860c-6
Event: 0.312 Thread 0x00007f9088011000 Exception <a 'java/lang/NullPointerException'{0x00000000e292c920}> (0x00000000e292c920) thrown at [/opt/mach5/mesos/work_dir/slaves/fcf4c0c4-d73e-4321-860c-6613427db92b-S2191/frameworks/1735e8a2-a1db-478c-8104-60c8b0af87dd-0196/executors/037f43f8-d614-470
Event: 0.312 Thread 0x00007f9088011000 Exception <a 'java/lang/NullPointerException'{0x00000000e292cbf0}> (0x00000000e292cbf0) thrown at [/opt/mach5/mesos/work_dir/slaves/fcf4c0c4-d73e-4321-860c-6613427db92b-S2191/frameworks/1735e8a2-a1db-478c-8104-60c8b0af87dd-0196/executors/037f43f8-d614-470

Events (10 events):
Event: 0.311 loading class sun/security/provider/certpath/ldap/JdkLDAP$1
Event: 0.311 loading class sun/security/provider/certpath/ldap/JdkLDAP$1 done
Event: 0.311 loading class sun/security/provider/certpath/ldap/JdkLDAP$ProviderService
Event: 0.311 loading class sun/security/provider/certpath/ldap/JdkLDAP$ProviderService done
Event: 0.311 loading class com/sun/security/sasl/Provider
Event: 0.311 loading class com/sun/security/sasl/Provider done
Event: 0.312 loading class com/sun/security/sasl/Provider$1
Event: 0.312 loading class com/sun/security/sasl/Provider$1 done
Event: 0.312 loading class com/sun/security/sasl/Provider$ProviderService
Event: 0.312 loading class com/sun/security/sasl/Provider$ProviderService done


Dynamic libraries:
00400000-00401000 r-xp 00000000 08:01 914255                             /usr/lib/jvm/jdk-11.0.5/bin/java
00600000-00601000 r--p 00000000 08:01 914255                             /usr/lib/jvm/jdk-11.0.5/bin/java
00601000-00602000 rw-p 00001000 08:01 914255                             /usr/lib/jvm/jdk-11.0.5/bin/java
00e26000-00e47000 rw-p 00000000 00:00 0                                  [heap]
e0c00000-e2c00000 rw-p 00000000 00:00 0 
e2c00000-100000000 ---p 00000000 00:00 0 
100000000-1000c0000 rw-p 00000000 00:00 0 
1000c0000-140000000 ---p 00000000 00:00 0 
7f9033820000-7f9033ba2000 rw-p 00000000 00:00 0 
7f9033ba2000-7f9033be2000 r-xp 00000000 08:01 914458                     /usr/lib/jvm/jdk-11.0.5/lib/libsunec.so
7f9033be2000-7f9033de1000 ---p 00040000 08:01 914458                     /usr/lib/jvm/jdk-11.0.5/lib/libsunec.so
7f9033de1000-7f9033de6000 r--p 0003f000 08:01 914458                     /usr/lib/jvm/jdk-11.0.5/lib/libsunec.so
7f9033de6000-7f9033de8000 rw-p 00044000 08:01 914458                     /usr/lib/jvm/jdk-11.0.5/lib/libsunec.so
7f9033de8000-7f9033dff000 r-xp 00000000 08:01 914451                     /usr/lib/jvm/jdk-11.0.5/lib/libnet.so
7f9033dff000-7f9033ffe000 ---p 00017000 08:01 914451                     /usr/lib/jvm/jdk-11.0.5/lib/libnet.so
7f9033ffe000-7f9033fff000 r--p 00016000 08:01 914451                     /usr/lib/jvm/jdk-11.0.5/lib/libnet.so
7f9033fff000-7f9034000000 rw-p 00017000 08:01 914451                     /usr/lib/jvm/jdk-11.0.5/lib/libnet.so
7f9034000000-7f9034021000 rw-p 00000000 00:00 0 
7f9034021000-7f9038000000 ---p 00000000 00:00 0 
7f9038000000-7f9038021000 rw-p 00000000 00:00 0 
7f9038021000-7f903c000000 ---p 00000000 00:00 0 
7f903c000000-7f903c11c000 rw-p 00000000 00:00 0 
7f903c11c000-7f9040000000 ---p 00000000 00:00 0 
7f9040000000-7f9040021000 rw-p 00000000 00:00 0 
7f9040021000-7f9044000000 ---p 00000000 00:00 0 
7f9044000000-7f9044021000 rw-p 00000000 00:00 0 
7f9044021000-7f9048000000 ---p 00000000 00:00 0 
7f9048000000-7f9048094000 rw-p 00000000 00:00 0 
7f9048094000-7f904c000000 ---p 00000000 00:00 0 
7f904c000000-7f904c021000 rw-p 00000000 00:00 0 
7f904c021000-7f9050000000 ---p 00000000 00:00 0 
7f9050000000-7f9050021000 rw-p 00000000 00:00 0 
7f9050021000-7f9054000000 ---p 00000000 00:00 0 
7f9054000000-7f9054021000 rw-p 00000000 00:00 0 
7f9054021000-7f9058000000 ---p 00000000 00:00 0 
7f9058000000-7f9058021000 rw-p 00000000 00:00 0 
7f9058021000-7f905c000000 ---p 00000000 00:00 0 
7f905c000000-7f905c021000 rw-p 00000000 00:00 0 
7f905c021000-7f9060000000 ---p 00000000 00:00 0 
7f9060022000-7f9060032000 r-xp 00000000 08:01 914452                     /usr/lib/jvm/jdk-11.0.5/lib/libnio.so
7f9060032000-7f9060231000 ---p 00010000 08:01 914452                     /usr/lib/jvm/jdk-11.0.5/lib/libnio.so
7f9060231000-7f9060232000 r--p 0000f000 08:01 914452                     /usr/lib/jvm/jdk-11.0.5/lib/libnio.so
7f9060232000-7f9060233000 rw-p 00010000 08:01 914452                     /usr/lib/jvm/jdk-11.0.5/lib/libnio.so
7f9060233000-7f9060237000 ---p 00000000 00:00 0 
7f9060237000-7f9060334000 rw-p 00000000 00:00 0 
7f9060334000-7f9060335000 ---p 00000000 00:00 0 
7f9060335000-7f9060435000 rw-p 00000000 00:00 0 
7f9060435000-7f9060439000 ---p 00000000 00:00 0 
7f9060439000-7f9060536000 rw-p 00000000 00:00 0 
7f9060536000-7f906053a000 ---p 00000000 00:00 0 
7f906053a000-7f9060637000 rw-p 00000000 00:00 0 
7f9060637000-7f906063b000 ---p 00000000 00:00 0 
7f906063b000-7f9060738000 rw-p 00000000 00:00 0 
7f9060738000-7f906073c000 ---p 00000000 00:00 0 
7f906073c000-7f9060839000 rw-p 00000000 00:00 0 
7f9060839000-7f906083d000 ---p 00000000 00:00 0 
7f906083d000-7f906093a000 rw-p 00000000 00:00 0 
7f906093a000-7f90612fb000 r--p 00000000 08:01 792917                     /usr/lib/locale/locale-archive
7f90612fb000-7f90612ff000 ---p 00000000 00:00 0 
7f90612ff000-7f90613fc000 rw-p 00000000 00:00 0 
7f90613fc000-7f9061400000 ---p 00000000 00:00 0 
7f9061400000-7f90614fd000 rw-p 00000000 00:00 0 
7f90614fd000-7f90614fe000 ---p 00000000 00:00 0 
7f90614fe000-7f9061c7e000 rw-p 00000000 00:00 0 
7f9061c7e000-7f9061dfe000 ---p 00000000 00:00 0 
7f9061dfe000-7f9061dff000 ---p 00000000 00:00 0 
7f9061dff000-7f9061eff000 rw-p 00000000 00:00 0 
7f9061eff000-7f9061f00000 ---p 00000000 00:00 0 
7f9061f00000-7f9064000000 rw-p 00000000 00:00 0 
7f9064000000-7f9064021000 rw-p 00000000 00:00 0 
7f9064021000-7f9068000000 ---p 00000000 00:00 0 
7f9068000000-7f9068021000 rw-p 00000000 00:00 0 
7f9068021000-7f906c000000 ---p 00000000 00:00 0 
7f906c000000-7f906c021000 rw-p 00000000 00:00 0 
7f906c021000-7f9070000000 ---p 00000000 00:00 0 
7f9070003000-7f9070236000 rw-p 00000000 00:00 0 
7f9070236000-7f9070237000 ---p 00000000 00:00 0 
7f9070237000-7f9070337000 rw-p 00000000 00:00 0 
7f9070337000-7f9070338000 ---p 00000000 00:00 0 
7f9070338000-7f90704b8000 rw-p 00000000 00:00 0 
7f90704b8000-7f9070c08000 ---p 00000000 00:00 0 
7f9070c08000-7f9070e78000 rwxp 00000000 00:00 0 
7f9070e78000-7f9071197000 ---p 00000000 00:00 0 
7f9071197000-7f9071407000 rwxp 00000000 00:00 0 
7f9071407000-7f90786cf000 ---p 00000000 00:00 0 
7f90786cf000-7f907893f000 rwxp 00000000 00:00 0 
7f907893f000-7f907fc08000 ---p 00000000 00:00 0 
7f907fc08000-7f9088000000 r--s 00000000 08:01 914462                     /usr/lib/jvm/jdk-11.0.5/lib/modules
7f9088000000-7f9088240000 rw-p 00000000 00:00 0 
7f9088240000-7f908c000000 ---p 00000000 00:00 0 
7f908c01e000-7f908c02d000 r--p 00000000 08:01 11790                      /root/android_ndk/android-ndk-r20/platforms/android-29/arch-x86_64/usr/lib64/libc.so
7f908c02d000-7f908c033000 r-xp 0000f000 08:01 11790                      /root/android_ndk/android-ndk-r20/platforms/android-29/arch-x86_64/usr/lib64/libc.so
7f908c033000-7f908c034000 r--p 00015000 08:01 11790                      /root/android_ndk/android-ndk-r20/platforms/android-29/arch-x86_64/usr/lib64/libc.so
7f908c034000-7f908c035000 rw-p 00000000 00:00 0 
7f908c035000-7f908c036000 r--p 00000000 08:01 11810                      /root/android_ndk/android-ndk-r20/platforms/android-29/arch-x86_64/usr/lib64/libdl.so
7f908c036000-7f908c037000 r-xp 00001000 08:01 11810                      /root/android_ndk/android-ndk-r20/platforms/android-29/arch-x86_64/usr/lib64/libdl.so
7f908c037000-7f908c038000 r--p 00002000 08:01 11810                      /root/android_ndk/android-ndk-r20/platforms/android-29/arch-x86_64/usr/lib64/libdl.so
7f908c038000-7f908c03b000 r--p 00000000 08:01 11788                      /root/android_ndk/android-ndk-r20/platforms/android-29/arch-x86_64/usr/lib64/libm.so
7f908c03b000-7f908c03d000 r-xp 00003000 08:01 11788                      /root/android_ndk/android-ndk-r20/platforms/android-29/arch-x86_64/usr/lib64/libm.so
7f908c03d000-7f908c03e000 r--p 00005000 08:01 11788                      /root/android_ndk/android-ndk-r20/platforms/android-29/arch-x86_64/usr/lib64/libm.so
7f908c03e000-7f908c03f000 rw-p 00000000 00:00 0 
7f908c03f000-7f908c040000 r--p 00000000 08:01 11800                      /root/android_ndk/android-ndk-r20/platforms/android-29/arch-x86_64/usr/lib64/libstdc++.so
7f908c040000-7f908c041000 r-xp 00001000 08:01 11800                      /root/android_ndk/android-ndk-r20/platforms/android-29/arch-x86_64/usr/lib64/libstdc++.so
7f908c041000-7f908c042000 r--p 00002000 08:01 11800                      /root/android_ndk/android-ndk-r20/platforms/android-29/arch-x86_64/usr/lib64/libstdc++.so
7f908c042000-7f908c043000 rw-p 00000000 00:00 0 
7f908c043000-7f908c048000 r--p 00000000 08:01 11784                      /root/android_ndk/android-ndk-r20/platforms/android-29/arch-x86_64/usr/lib64/libandroid.so
7f908c048000-7f908c04a000 r-xp 00005000 08:01 11784                      /root/android_ndk/android-ndk-r20/platforms/android-29/arch-x86_64/usr/lib64/libandroid.so
7f908c04a000-7f908c04b000 r--p 00007000 08:01 11784                      /root/android_ndk/android-ndk-r20/platforms/android-29/arch-x86_64/usr/lib64/libandroid.so
7f908c04b000-7f908c14c000 rw-p 00000000 00:00 0 
7f908c14c000-7f908c89c000 ---p 00000000 00:00 0 
7f908c89c000-7f908c8ac000 rw-p 00000000 00:00 0 
7f908c8ac000-7f908c996000 ---p 00000000 00:00 0 
7f908c996000-7f908c9a6000 rw-p 00000000 00:00 0 
7f908c9a6000-7f908ca90000 ---p 00000000 00:00 0 
7f908ca90000-7f908caa0000 rw-p 00000000 00:00 0 
7f908caa0000-7f908cb8a000 ---p 00000000 00:00 0 
7f908cb8a000-7f908cd8c000 rw-p 00000000 00:00 0 
7f908cd8c000-7f908cd8d000 ---p 00000000 00:00 0 
7f908cd8d000-7f908ce92000 rw-p 00000000 00:00 0 
7f908ce92000-7f908cf78000 ---p 00000000 00:00 0 
7f908cf78000-7f908cf7d000 rw-p 00000000 00:00 0 
7f908cf7d000-7f908d063000 ---p 00000000 00:00 0 
7f908d063000-7f908d07e000 r-xp 00000000 08:01 914443                     /usr/lib/jvm/jdk-11.0.5/lib/libjimage.so
7f908d07e000-7f908d27d000 ---p 0001b000 08:01 914443                     /usr/lib/jvm/jdk-11.0.5/lib/libjimage.so
7f908d27d000-7f908d27f000 r--p 0001a000 08:01 914443                     /usr/lib/jvm/jdk-11.0.5/lib/libjimage.so
7f908d27f000-7f908d280000 rw-p 0001c000 08:01 914443                     /usr/lib/jvm/jdk-11.0.5/lib/libjimage.so
7f908d280000-7f908d287000 r-xp 00000000 08:01 914461                     /usr/lib/jvm/jdk-11.0.5/lib/libzip.so
7f908d287000-7f908d486000 ---p 00007000 08:01 914461                     /usr/lib/jvm/jdk-11.0.5/lib/libzip.so
7f908d486000-7f908d487000 r--p 00006000 08:01 914461                     /usr/lib/jvm/jdk-11.0.5/lib/libzip.so
7f908d487000-7f908d488000 rw-p 00007000 08:01 914461                     /usr/lib/jvm/jdk-11.0.5/lib/libzip.so
7f908d488000-7f908d493000 r-xp 00000000 08:01 159490                     /lib/x86_64-linux-gnu/libnss_files-2.23.so
7f908d493000-7f908d692000 ---p 0000b000 08:01 159490                     /lib/x86_64-linux-gnu/libnss_files-2.23.so
7f908d692000-7f908d693000 r--p 0000a000 08:01 159490                     /lib/x86_64-linux-gnu/libnss_files-2.23.so
7f908d693000-7f908d694000 rw-p 0000b000 08:01 159490                     /lib/x86_64-linux-gnu/libnss_files-2.23.so
7f908d694000-7f908d69a000 rw-p 00000000 00:00 0 
7f908d69a000-7f908d6a5000 r-xp 00000000 08:01 159483                     /lib/x86_64-linux-gnu/libnss_nis-2.23.so
7f908d6a5000-7f908d8a4000 ---p 0000b000 08:01 159483                     /lib/x86_64-linux-gnu/libnss_nis-2.23.so
7f908d8a4000-7f908d8a5000 r--p 0000a000 08:01 159483                     /lib/x86_64-linux-gnu/libnss_nis-2.23.so
7f908d8a5000-7f908d8a6000 rw-p 0000b000 08:01 159483                     /lib/x86_64-linux-gnu/libnss_nis-2.23.so
7f908d8a6000-7f908d8bc000 r-xp 00000000 08:01 159488                     /lib/x86_64-linux-gnu/libnsl-2.23.so
7f908d8bc000-7f908dabb000 ---p 00016000 08:01 159488                     /lib/x86_64-linux-gnu/libnsl-2.23.so
7f908dabb000-7f908dabc000 r--p 00015000 08:01 159488                     /lib/x86_64-linux-gnu/libnsl-2.23.so
7f908dabc000-7f908dabd000 rw-p 00016000 08:01 159488                     /lib/x86_64-linux-gnu/libnsl-2.23.so
7f908dabd000-7f908dabf000 rw-p 00000000 00:00 0 
7f908dabf000-7f908dac7000 r-xp 00000000 08:01 159494                     /lib/x86_64-linux-gnu/libnss_compat-2.23.so
7f908dac7000-7f908dcc6000 ---p 00008000 08:01 159494                     /lib/x86_64-linux-gnu/libnss_compat-2.23.so
7f908dcc6000-7f908dcc7000 r--p 00007000 08:01 159494                     /lib/x86_64-linux-gnu/libnss_compat-2.23.so
7f908dcc7000-7f908dcc8000 rw-p 00008000 08:01 159494                     /lib/x86_64-linux-gnu/libnss_compat-2.23.so
7f908dcc8000-7f908dcf1000 r-xp 00000000 08:01 914439                     /usr/lib/jvm/jdk-11.0.5/lib/libjava.so
7f908dcf1000-7f908def0000 ---p 00029000 08:01 914439                     /usr/lib/jvm/jdk-11.0.5/lib/libjava.so
7f908def0000-7f908def1000 r--p 00028000 08:01 914439                     /usr/lib/jvm/jdk-11.0.5/lib/libjava.so
7f908def1000-7f908def3000 rw-p 00029000 08:01 914439                     /usr/lib/jvm/jdk-11.0.5/lib/libjava.so
7f908def3000-7f908df00000 r-xp 00000000 08:01 914460                     /usr/lib/jvm/jdk-11.0.5/lib/libverify.so
7f908df00000-7f908e0ff000 ---p 0000d000 08:01 914460                     /usr/lib/jvm/jdk-11.0.5/lib/libverify.so
7f908e0ff000-7f908e101000 r--p 0000c000 08:01 914460                     /usr/lib/jvm/jdk-11.0.5/lib/libverify.so
7f908e101000-7f908e102000 rw-p 0000e000 08:01 914460                     /usr/lib/jvm/jdk-11.0.5/lib/libverify.so
7f908e102000-7f908e109000 r-xp 00000000 08:01 159470                     /lib/x86_64-linux-gnu/librt-2.23.so
7f908e109000-7f908e308000 ---p 00007000 08:01 159470                     /lib/x86_64-linux-gnu/librt-2.23.so
7f908e308000-7f908e309000 r--p 00006000 08:01 159470                     /lib/x86_64-linux-gnu/librt-2.23.so
7f908e309000-7f908e30a000 rw-p 00007000 08:01 159470                     /lib/x86_64-linux-gnu/librt-2.23.so
7f908e30a000-7f908e412000 r-xp 00000000 08:01 159496                     /lib/x86_64-linux-gnu/libm-2.23.so
7f908e412000-7f908e611000 ---p 00108000 08:01 159496                     /lib/x86_64-linux-gnu/libm-2.23.so
7f908e611000-7f908e612000 r--p 00107000 08:01 159496                     /lib/x86_64-linux-gnu/libm-2.23.so
7f908e612000-7f908e613000 rw-p 00108000 08:01 159496                     /lib/x86_64-linux-gnu/libm-2.23.so
7f908e613000-7f908f754000 r-xp 00000000 08:01 914471                     /usr/lib/jvm/jdk-11.0.5/lib/server/libjvm.so
7f908f754000-7f908f954000 ---p 01141000 08:01 914471                     /usr/lib/jvm/jdk-11.0.5/lib/server/libjvm.so
7f908f954000-7f908fa13000 r--p 01141000 08:01 914471                     /usr/lib/jvm/jdk-11.0.5/lib/server/libjvm.so
7f908fa13000-7f908fa4c000 rw-p 01200000 08:01 914471                     /usr/lib/jvm/jdk-11.0.5/lib/server/libjvm.so
7f908fa4c000-7f908faa3000 rw-p 00000000 00:00 0 
7f908faa3000-7f908fc63000 r-xp 00000000 08:01 159493                     /lib/x86_64-linux-gnu/libc-2.23.so
7f908fc63000-7f908fe63000 ---p 001c0000 08:01 159493                     /lib/x86_64-linux-gnu/libc-2.23.so
7f908fe63000-7f908fe67000 r--p 001c0000 08:01 159493                     /lib/x86_64-linux-gnu/libc-2.23.so
7f908fe67000-7f908fe69000 rw-p 001c4000 08:01 159493                     /lib/x86_64-linux-gnu/libc-2.23.so
7f908fe69000-7f908fe6d000 rw-p 00000000 00:00 0 
7f908fe6d000-7f908fe70000 r-xp 00000000 08:01 159473                     /lib/x86_64-linux-gnu/libdl-2.23.so
7f908fe70000-7f909006f000 ---p 00003000 08:01 159473                     /lib/x86_64-linux-gnu/libdl-2.23.so
7f909006f000-7f9090070000 r--p 00002000 08:01 159473                     /lib/x86_64-linux-gnu/libdl-2.23.so
7f9090070000-7f9090071000 rw-p 00003000 08:01 159473                     /lib/x86_64-linux-gnu/libdl-2.23.so
7f9090071000-7f9090081000 r-xp 00000000 08:01 914424                     /usr/lib/jvm/jdk-11.0.5/lib/jli/libjli.so
7f9090081000-7f9090280000 ---p 00010000 08:01 914424                     /usr/lib/jvm/jdk-11.0.5/lib/jli/libjli.so
7f9090280000-7f9090281000 r--p 0000f000 08:01 914424                     /usr/lib/jvm/jdk-11.0.5/lib/jli/libjli.so
7f9090281000-7f9090282000 rw-p 00010000 08:01 914424                     /usr/lib/jvm/jdk-11.0.5/lib/jli/libjli.so
7f9090282000-7f909029a000 r-xp 00000000 08:01 159477                     /lib/x86_64-linux-gnu/libpthread-2.23.so
7f909029a000-7f9090499000 ---p 00018000 08:01 159477                     /lib/x86_64-linux-gnu/libpthread-2.23.so
7f9090499000-7f909049a000 r--p 00017000 08:01 159477                     /lib/x86_64-linux-gnu/libpthread-2.23.so
7f909049a000-7f909049b000 rw-p 00018000 08:01 159477                     /lib/x86_64-linux-gnu/libpthread-2.23.so
7f909049b000-7f909049f000 rw-p 00000000 00:00 0 
7f909049f000-7f90904b8000 r-xp 00000000 08:01 137107                     /lib/x86_64-linux-gnu/libz.so.1.2.8
7f90904b8000-7f90906b7000 ---p 00019000 08:01 137107                     /lib/x86_64-linux-gnu/libz.so.1.2.8
7f90906b7000-7f90906b8000 r--p 00018000 08:01 137107                     /lib/x86_64-linux-gnu/libz.so.1.2.8
7f90906b8000-7f90906b9000 rw-p 00019000 08:01 137107                     /lib/x86_64-linux-gnu/libz.so.1.2.8
7f90906b9000-7f90906df000 r-xp 00000000 08:01 159475                     /lib/x86_64-linux-gnu/ld-2.23.so
7f90906df000-7f90906e0000 r--p 00000000 08:01 11783                      /root/android_ndk/android-ndk-r20/platforms/android-29/arch-x86_64/usr/lib64/liblog.so
7f90906e0000-7f90906e1000 r-xp 00001000 08:01 11783                      /root/android_ndk/android-ndk-r20/platforms/android-29/arch-x86_64/usr/lib64/liblog.so
7f90906e1000-7f90906e2000 r--p 00002000 08:01 11783                      /root/android_ndk/android-ndk-r20/platforms/android-29/arch-x86_64/usr/lib64/liblog.so
7f90906e2000-7f90906e6000 r-xp 00000000 08:01 556513                     /home/jack-server/workspace/encrypt/libs/libencrypt.so
7f90906e6000-7f90906e7000 r--p 00003000 08:01 556513                     /home/jack-server/workspace/encrypt/libs/libencrypt.so
7f90906e7000-7f90906e8000 rw-p 00004000 08:01 556513                     /home/jack-server/workspace/encrypt/libs/libencrypt.so
7f90906e8000-7f90907be000 rw-p 00000000 00:00 0 
7f90907be000-7f90907c2000 ---p 00000000 00:00 0 
7f90907c2000-7f90908c3000 rw-p 00000000 00:00 0 
7f90908c3000-7f90908c4000 r--p 00000000 08:01 11806                      /root/android_ndk/android-ndk-r20/platforms/android-29/arch-x86_64/usr/lib64/libOpenSLES.so
7f90908c4000-7f90908c5000 r-xp 00001000 08:01 11806                      /root/android_ndk/android-ndk-r20/platforms/android-29/arch-x86_64/usr/lib64/libOpenSLES.so
7f90908c5000-7f90908c6000 r--p 00002000 08:01 11806                      /root/android_ndk/android-ndk-r20/platforms/android-29/arch-x86_64/usr/lib64/libOpenSLES.so
7f90908c6000-7f90908cc000 rw-p 00000000 00:00 0 
7f90908cc000-7f90908d3000 ---p 00000000 00:00 0 
7f90908d3000-7f90908db000 rw-s 00000000 08:01 441785                     /tmp/hsperfdata_root/1310
7f90908db000-7f90908dc000 ---p 00000000 00:00 0 
7f90908dc000-7f90908dd000 r--p 00000000 00:00 0 
7f90908dd000-7f90908de000 rw-p 00000000 00:00 0 
7f90908de000-7f90908df000 r--p 00025000 08:01 159475                     /lib/x86_64-linux-gnu/ld-2.23.so
7f90908df000-7f90908e0000 rw-p 00026000 08:01 159475                     /lib/x86_64-linux-gnu/ld-2.23.so
7f90908e0000-7f90908e1000 rw-p 00000000 00:00 0 
7ffcd67bc000-7ffcd67dd000 rw-p 00000000 00:00 0                          [stack]
7ffcd67f5000-7ffcd67f8000 r--p 00000000 00:00 0                          [vvar]
7ffcd67f8000-7ffcd67fa000 r-xp 00000000 00:00 0                          [vdso]
ffffffffff600000-ffffffffff601000 r-xp 00000000 00:00 0                  [vsyscall]


VM Arguments:
jvm_args: -Djava.library.path=../libs 
java_command: Main
java_class_path (initial): .
Launcher Type: SUN_STANDARD

[Global flags]
     intx CICompilerCount                          = 2                                         {product} {ergonomic}
     uint ConcGCThreads                            = 1                                         {product} {ergonomic}
     uint G1ConcRefinementThreads                  = 2                                         {product} {ergonomic}
   size_t G1HeapRegionSize                         = 1048576                                   {product} {ergonomic}
    uintx GCDrainStackTargetSize                   = 64                                        {product} {ergonomic}
   size_t InitialHeapSize                          = 33554432                                  {product} {ergonomic}
   size_t MarkStackSize                            = 4194304                                   {product} {ergonomic}
   size_t MaxHeapSize                              = 524288000                                 {product} {ergonomic}
   size_t MaxNewSize                               = 314572800                                 {product} {ergonomic}
   size_t MinHeapDeltaBytes                        = 1048576                                   {product} {ergonomic}
    uintx NonNMethodCodeHeapSize                   = 5825164                                {pd product} {ergonomic}
    uintx NonProfiledCodeHeapSize                  = 122916538                              {pd product} {ergonomic}
    uintx ProfiledCodeHeapSize                     = 122916538                              {pd product} {ergonomic}
    uintx ReservedCodeCacheSize                    = 251658240                              {pd product} {ergonomic}
     bool SegmentedCodeCache                       = true                                      {product} {ergonomic}
     bool UseCompressedClassPointers               = true                                 {lp64_product} {ergonomic}
     bool UseCompressedOops                        = true                                 {lp64_product} {ergonomic}
     bool UseG1GC                                  = true                                      {product} {ergonomic}

Logging:
Log output configuration:
 #0: stdout all=warning uptime,level,tags
 #1: stderr all=off uptime,level,tags

Environment Variables:
JAVA_HOME=/usr/lib/jvm/java-8-openjdk-amd64
PATH=/usr/lib/android-sdk:/usr/lib/jvm/java-8-openjdk-amd64/bin:/usr/local/sbin:/usr/local/bin:/usr/sbin:/usr/bin:/sbin:/bin:/usr/games:/usr/local/games
USERNAME=root
LD_LIBRARY_PATH=/root/android_ndk/android-ndk-r20/platforms/android-29/arch-x86_64/usr/lib64:
SHELL=/bin/bash
DISPLAY=:0

Signal Handlers:
SIGSEGV: [libjvm.so+0xe2d360], sa_mask[0]=11111111011111111101111111111110, sa_flags=SA_RESTART|SA_SIGINFO
SIGBUS: [libjvm.so+0xe2d360], sa_mask[0]=11111111011111111101111111111110, sa_flags=SA_RESTART|SA_SIGINFO
SIGFPE: [libjvm.so+0xe2d360], sa_mask[0]=11111111011111111101111111111110, sa_flags=SA_RESTART|SA_SIGINFO
SIGPIPE: [libjvm.so+0xc00e80], sa_mask[0]=11111111011111111101111111111110, sa_flags=SA_RESTART|SA_SIGINFO
SIGXFSZ: [libjvm.so+0xc00e80], sa_mask[0]=11111111011111111101111111111110, sa_flags=SA_RESTART|SA_SIGINFO
SIGILL: [libjvm.so+0xe2d360], sa_mask[0]=11111111011111111101111111111110, sa_flags=SA_RESTART|SA_SIGINFO
SIGUSR2: [libjvm.so+0xc00d20], sa_mask[0]=00000000000000000000000000000000, sa_flags=SA_RESTART|SA_SIGINFO
SIGHUP: [libjvm.so+0xc01080], sa_mask[0]=11111111011111111101111111111110, sa_flags=SA_RESTART|SA_SIGINFO
SIGINT: [libjvm.so+0xc01080], sa_mask[0]=11111111011111111101111111111110, sa_flags=SA_RESTART|SA_SIGINFO
SIGTERM: [libjvm.so+0xc01080], sa_mask[0]=11111111011111111101111111111110, sa_flags=SA_RESTART|SA_SIGINFO
SIGQUIT: [libjvm.so+0xc01080], sa_mask[0]=11111111011111111101111111111110, sa_flags=SA_RESTART|SA_SIGINFO


---------------  S Y S T E M  ---------------

OS:DISTRIB_ID=Ubuntu
DISTRIB_RELEASE=16.04
DISTRIB_CODENAME=xenial
DISTRIB_DESCRIPTION="Ubuntu 16.04.5 LTS"
uname:Linux 4.15.0-65-generic #74~16.04.1-Ubuntu SMP Wed Sep 18 09:51:44 UTC 2019 x86_64
libc:glibc 2.23 NPTL 2.23 
rlimit: STACK 8192k, CORE 0k, NPROC 7738, NOFILE 1048576, AS infinity, DATA infinity, FSIZE infinity
load average:0.30 0.63 0.41

/proc/meminfo:
MemTotal:        2041648 kB
MemFree:          381012 kB
MemAvailable:     586076 kB
Buffers:           31576 kB
Cached:           323888 kB
SwapCached:         8592 kB
Active:           966232 kB
Inactive:         526820 kB
Active(anon):     837688 kB
Inactive(anon):   337320 kB
Active(file):     128544 kB
Inactive(file):   189500 kB
Unevictable:          64 kB
Mlocked:              64 kB
SwapTotal:        998396 kB
SwapFree:         392432 kB
Dirty:               136 kB
Writeback:             0 kB
AnonPages:       1129320 kB
Mapped:           159696 kB
Shmem:             37300 kB
Slab:              73172 kB
SReclaimable:      37004 kB
SUnreclaim:        36168 kB
KernelStack:        9088 kB
PageTables:        37068 kB
NFS_Unstable:          0 kB
Bounce:                0 kB
WritebackTmp:          0 kB
CommitLimit:     2019220 kB
Committed_AS:    5398840 kB
VmallocTotal:   34359738367 kB
VmallocUsed:           0 kB
VmallocChunk:          0 kB
HardwareCorrupted:     0 kB
AnonHugePages:         0 kB
ShmemHugePages:        0 kB
ShmemPmdMapped:        0 kB
CmaTotal:              0 kB
CmaFree:               0 kB
HugePages_Total:       0
HugePages_Free:        0
HugePages_Rsvd:        0
HugePages_Surp:        0
Hugepagesize:       2048 kB
DirectMap4k:      122752 kB
DirectMap2M:     1974272 kB
DirectMap1G:           0 kB


/proc/sys/kernel/threads-max (system-wide limit on the number of threads):
15477


/proc/sys/vm/max_map_count (maximum number of memory map areas a process may have):
65530


/proc/sys/kernel/pid_max (system-wide limit on number of process identifiers):
32768



container (cgroup) information:
container_type: cgroupv1
cpu_cpuset_cpus: 0-1
cpu_memory_nodes: 0
active_processor_count: 2
cpu_quota: -1
cpu_period: 100000
cpu_shares: -1
memory_limit_in_bytes: -1
memory_and_swap_limit_in_bytes: -2
memory_soft_limit_in_bytes: -1
memory_usage_in_bytes: 1526210560
memory_max_usage_in_bytes: 33767424


CPU:total 2 (initial active 2) (1 cores per cpu, 1 threads per core) family 23 model 17 stepping 0, cmov, cx8, fxsr, mmx, sse, sse2, sse3, ssse3, sse4.1, sse4.2, popcnt, avx, avx2, aes, clmul, mmxext, 3dnowpref, lzcnt, sse4a, tsc, tscinvbit, tscinv, bmi1, bmi2, adx, sha, fma
CPU Model and flags from /proc/cpuinfo:
model name	: AMD Ryzen 3 PRO 2100GE w/ Radeon Vega Graphics
flags		: fpu vme de pse tsc msr pae mce cx8 apic sep mtrr pge mca cmov pat pse36 clflush mmx fxsr sse sse2 syscall nx mmxext fxsr_opt pdpe1gb rdtscp lm constant_tsc rep_good nopl tsc_reliable nonstop_tsc cpuid extd_apicid pni pclmulqdq ssse3 fma cx16 sse4_1 sse4_2 x2apic movbe popcnt aes xsave avx f16c rdrand hypervisor lahf_lm extapic cr8_legacy abm sse4a misalignsse 3dnowprefetch osvw ssbd ibpb vmmcall fsgsbase bmi1 avx2 smep bmi2 rdseed adx smap clflushopt sha_ni xsaveopt xsavec xsaves clzero arat overflow_recov succor

Memory: 4k page, physical 2041648k(381012k free), swap 998396k(392432k free)

vm_info: Java HotSpot(TM) 64-Bit Server VM (11.0.5+10-LTS) for linux-amd64 JRE (11.0.5+10-LTS), built on Oct  6 2019 11:44:08 by "mach5one" with gcc 7.3.0

END.
